Menunggu selama 31356 detik sebelum menjalankan auto_commit.sh...
error: cannot pull with rebase: You have unstaged changes.
error: please commit or stash them.
[master 6139d5d] Log Crypto Assets update at Thu May 15 08:43:37 UTC 2025
 3 files changed, 8 insertions(+)
 create mode 100644 cron_random.log
To https://github.com/kangmutan/crypto-tracker.git
   e8a51b4..6139d5d  master -> master
Menunggu selama 746 detik sebelum menjalankan auto_commit.sh...
error: cannot pull with rebase: You have unstaged changes.
error: please commit or stash them.
[master 3c03f5b] Log Crypto Assets update at Fri May 16 00:13:27 UTC 2025
 2 files changed, 9 insertions(+)
To https://github.com/kangmutan/crypto-tracker.git
   6139d5d..3c03f5b  master -> master
Menunggu selama 9584 detik sebelum menjalankan auto_commit.sh...
error: cannot pull with rebase: You have unstaged changes.
error: please commit or stash them.
[master c9262aa] Log Crypto Assets update at Sat May 17 02:40:46 UTC 2025
 2 files changed, 8 insertions(+)
To https://github.com/kangmutan/crypto-tracker.git
   3c03f5b..c9262aa  master -> master
Menunggu selama 20018 detik sebelum menjalankan auto_commit.sh...
error: cannot pull with rebase: You have unstaged changes.
error: please commit or stash them.
[master 131919c] Log Crypto Assets update at Sun May 18 05:34:40 UTC 2025
 2 files changed, 8 insertions(+)
To https://github.com/kangmutan/crypto-tracker.git
   c9262aa..131919c  master -> master
Menunggu selama 12678 detik sebelum menjalankan auto_commit.sh...
error: cannot pull with rebase: You have unstaged changes.
error: please commit or stash them.
[master 40c0806] Log Crypto Assets update at Mon May 19 03:32:19 UTC 2025
 2 files changed, 8 insertions(+)
To https://github.com/kangmutan/crypto-tracker.git
   131919c..40c0806  master -> master
Menunggu selama 17655 detik sebelum menjalankan auto_commit.sh...
error: cannot pull with rebase: You have unstaged changes.
error: please commit or stash them.
[master f07a9bd] Log Crypto Assets update at Tue May 20 04:55:16 UTC 2025
 2 files changed, 8 insertions(+)
To https://github.com/kangmutan/crypto-tracker.git
   40c0806..f07a9bd  master -> master
Menunggu selama 31619 detik sebelum menjalankan auto_commit.sh...
error: cannot pull with rebase: You have unstaged changes.
error: please commit or stash them.
[master efd61fa] Log Crypto Assets update at Wed May 21 08:48:00 UTC 2025
 2 files changed, 8 insertions(+)
To https://github.com/kangmutan/crypto-tracker.git
   f07a9bd..efd61fa  master -> master
Menunggu selama 23192 detik sebelum menjalankan auto_commit.sh...
error: cannot pull with rebase: You have unstaged changes.
error: please commit or stash them.
[master 4bf7ed4] Log Crypto Assets update at Thu May 22 06:27:33 UTC 2025
 2 files changed, 8 insertions(+)
To https://github.com/kangmutan/crypto-tracker.git
   efd61fa..4bf7ed4  master -> master
Menunggu selama 16323 detik sebelum menjalankan auto_commit.sh...
error: cannot pull with rebase: You have unstaged changes.
error: please commit or stash them.
[master 5aedcb1] Log Crypto Assets update at Fri May 23 04:33:05 UTC 2025
 2 files changed, 8 insertions(+)
To https://github.com/kangmutan/crypto-tracker.git
   4bf7ed4..5aedcb1  master -> master
Menunggu selama 28979 detik sebelum menjalankan auto_commit.sh...
error: cannot pull with rebase: You have unstaged changes.
error: please commit or stash them.
[master b2a5cf4] Log Crypto Assets update at Sat May 24 08:04:01 UTC 2025
 2 files changed, 8 insertions(+)
To https://github.com/kangmutan/crypto-tracker.git
   5aedcb1..b2a5cf4  master -> master
Menunggu selama 30742 detik sebelum menjalankan auto_commit.sh...
error: cannot pull with rebase: You have unstaged changes.
error: please commit or stash them.
[master 1eb9a7c] Log Crypto Assets update at Sun May 25 08:33:23 UTC 2025
 2 files changed, 8 insertions(+)
To https://github.com/kangmutan/crypto-tracker.git
   b2a5cf4..1eb9a7c  master -> master
Menunggu selama 30964 detik sebelum menjalankan auto_commit.sh...
error: cannot pull with rebase: You have unstaged changes.
error: please commit or stash them.
[master cc63f59] Log Crypto Assets update at Mon May 26 08:37:05 UTC 2025
 2 files changed, 8 insertions(+)
To https://github.com/kangmutan/crypto-tracker.git
   1eb9a7c..cc63f59  master -> master
Menunggu selama 10587 detik sebelum menjalankan auto_commit.sh...
error: cannot pull with rebase: You have unstaged changes.
error: please commit or stash them.
[master 32d1058] Log Crypto Assets update at Tue May 27 02:57:28 UTC 2025
 2 files changed, 8 insertions(+)
To https://github.com/kangmutan/crypto-tracker.git
   cc63f59..32d1058  master -> master
Menunggu selama 20052 detik sebelum menjalankan auto_commit.sh...
error: cannot pull with rebase: You have unstaged changes.
error: please commit or stash them.
[master 1038050] Log Crypto Assets update at Wed May 28 05:35:13 UTC 2025
 2 files changed, 8 insertions(+)
To https://github.com/kangmutan/crypto-tracker.git
   32d1058..1038050  master -> master
Menunggu selama 29377 detik sebelum menjalankan auto_commit.sh...
error: cannot pull with rebase: You have unstaged changes.
error: please commit or stash them.
[master 85fce03] Log Crypto Assets update at Thu May 29 08:10:38 UTC 2025
 2 files changed, 8 insertions(+)
To https://github.com/kangmutan/crypto-tracker.git
   1038050..85fce03  master -> master
Menunggu selama 7404 detik sebelum menjalankan auto_commit.sh...
error: cannot pull with rebase: You have unstaged changes.
error: please commit or stash them.
[master 875abfa] Log Crypto Assets update at Fri May 30 02:04:25 UTC 2025
 2 files changed, 8 insertions(+)
To https://github.com/kangmutan/crypto-tracker.git
   85fce03..875abfa  master -> master
Menunggu selama 17958 detik sebelum menjalankan auto_commit.sh...
error: cannot pull with rebase: You have unstaged changes.
error: please commit or stash them.
[master 3fc6bdf] Log Crypto Assets update at Sat May 31 05:00:19 UTC 2025
 2 files changed, 8 insertions(+)
To https://github.com/kangmutan/crypto-tracker.git
   875abfa..3fc6bdf  master -> master
Menunggu selama 27695 detik sebelum menjalankan auto_commit.sh...
error: cannot pull with rebase: You have unstaged changes.
error: please commit or stash them.
[master 2f6b0f5] Log Crypto Assets update at Sun Jun  1 07:42:36 UTC 2025
 2 files changed, 8 insertions(+)
To https://github.com/kangmutan/crypto-tracker.git
   3fc6bdf..2f6b0f5  master -> master
Menunggu selama 20191 detik sebelum menjalankan auto_commit.sh...
error: cannot pull with rebase: You have unstaged changes.
error: please commit or stash them.
[master 33a4296] Log Crypto Assets update at Mon Jun  2 05:37:32 UTC 2025
 2 files changed, 8 insertions(+)
To https://github.com/kangmutan/crypto-tracker.git
   2f6b0f5..33a4296  master -> master
Menunggu selama 11435 detik sebelum menjalankan auto_commit.sh...
error: cannot pull with rebase: You have unstaged changes.
error: please commit or stash them.
